Determining if the pthread_create exist failed with the following output:
Change Dir: /home/xueyelin/Documents/Thermite_Boom_Boom/Code/ROS/uarm_ws/build/CMakeFiles/CMakeTmp

Run Build Command:"/usr/bin/make" "cmTC_d6466/fast"
make[1]: Entering directory '/home/xueyelin/Documents/Thermite_Boom_Boom/Code/ROS/uarm_ws/build/CMakeFiles/CMakeTmp'
/usr/bin/make -f CMakeFiles/cmTC_d6466.dir/build.make CMakeFiles/cmTC_d6466.dir/build
make[2]: Entering directory '/home/xueyelin/Documents/Thermite_Boom_Boom/Code/ROS/uarm_ws/build/CMakeFiles/CMakeTmp'
Building C object CMakeFiles/cmTC_d6466.dir/CheckSymbolExists.c.o
/usr/bin/cc    -o CMakeFiles/cmTC_d6466.dir/CheckSymbolExists.c.o   -c /home/xueyelin/Documents/Thermite_Boom_Boom/Code/ROS/uarm_ws/build/CMakeFiles/CMakeTmp/CheckSymbolExists.c
Linking C executable cmTC_d6466
/usr/bin/cmake -E cmake_link_script CMakeFiles/cmTC_d6466.dir/link.txt --verbose=1
/usr/bin/cc      -rdynamic CMakeFiles/cmTC_d6466.dir/CheckSymbolExists.c.o  -o cmTC_d6466 
CMakeFiles/cmTC_d6466.dir/CheckSymbolExists.c.o: In function `main':
CheckSymbolExists.c:(.text+0x1b): undefined reference to `pthread_create'
collect2: error: ld returned 1 exit status
CMakeFiles/cmTC_d6466.dir/build.make:97: recipe for target 'cmTC_d6466' failed
make[2]: *** [cmTC_d6466] Error 1
make[2]: Leaving directory '/home/xueyelin/Documents/Thermite_Boom_Boom/Code/ROS/uarm_ws/build/CMakeFiles/CMakeTmp'
Makefile:126: recipe for target 'cmTC_d6466/fast' failed
make[1]: *** [cmTC_d6466/fast] Error 2
make[1]: Leaving directory '/home/xueyelin/Documents/Thermite_Boom_Boom/Code/ROS/uarm_ws/build/CMakeFiles/CMakeTmp'

File /home/xueyelin/Documents/Thermite_Boom_Boom/Code/ROS/uarm_ws/build/CMakeFiles/CMakeTmp/CheckSymbolExists.c:
/* */
#include <pthread.h>

int main(int argc, char** argv)
{
  (void)argv;
#ifndef pthread_create
  return ((int*)(&pthread_create))[argc];
#else
  (void)argc;
  return 0;
#endif
}

Determining if the function pthread_create exists in the pthreads failed with the following output:
Change Dir: /home/xueyelin/Documents/Thermite_Boom_Boom/Code/ROS/uarm_ws/build/CMakeFiles/CMakeTmp

Run Build Command:"/usr/bin/make" "cmTC_f1250/fast"
make[1]: Entering directory '/home/xueyelin/Documents/Thermite_Boom_Boom/Code/ROS/uarm_ws/build/CMakeFiles/CMakeTmp'
/usr/bin/make -f CMakeFiles/cmTC_f1250.dir/build.make CMakeFiles/cmTC_f1250.dir/build
make[2]: Entering directory '/home/xueyelin/Documents/Thermite_Boom_Boom/Code/ROS/uarm_ws/build/CMakeFiles/CMakeTmp'
Building C object CMakeFiles/cmTC_f1250.dir/CheckFunctionExists.c.o
/usr/bin/cc   -DCHECK_FUNCTION_EXISTS=pthread_create   -o CMakeFiles/cmTC_f1250.dir/CheckFunctionExists.c.o   -c /usr/share/cmake-3.10/Modules/CheckFunctionExists.c
Linking C executable cmTC_f1250
/usr/bin/cmake -E cmake_link_script CMakeFiles/cmTC_f1250.dir/link.txt --verbose=1
/usr/bin/cc  -DCHECK_FUNCTION_EXISTS=pthread_create    -rdynamic CMakeFiles/cmTC_f1250.dir/CheckFunctionExists.c.o  -o cmTC_f1250 -lpthreads 
/usr/bin/ld: cannot find -lpthreads
collect2: error: ld returned 1 exit status
CMakeFiles/cmTC_f1250.dir/build.make:97: recipe for target 'cmTC_f1250' failed
make[2]: *** [cmTC_f1250] Error 1
make[2]: Leaving directory '/home/xueyelin/Documents/Thermite_Boom_Boom/Code/ROS/uarm_ws/build/CMakeFiles/CMakeTmp'
Makefile:126: recipe for target 'cmTC_f1250/fast' failed
make[1]: *** [cmTC_f1250/fast] Error 2
make[1]: Leaving directory '/home/xueyelin/Documents/Thermite_Boom_Boom/Code/ROS/uarm_ws/build/CMakeFiles/CMakeTmp'


